[2019-02-25 17:32:33] Текст ошибки: Call to undefined function shop\dump() | Файл: /home/lucky/dev/study/shop/vendor/shop/core/Router.php | Строка: 60 
--------------------
[2019-02-25 17:32:33] Текст ошибки: Call to undefined function shop\dump() | Файл: /home/lucky/dev/study/shop/vendor/shop/core/Router.php | Строка: 60 
--------------------
[2019-02-25 17:32:37] Текст ошибки: Call to undefined function shop\dump() | Файл: /home/lucky/dev/study/shop/vendor/shop/core/Router.php | Строка: 60 
--------------------
[2019-02-25 17:32:37] Текст ошибки: Call to undefined function shop\dump() | Файл: /home/lucky/dev/study/shop/vendor/shop/core/Router.php | Строка: 60 
--------------------
[2019-02-25 18:16:25] Текст ошибки: Call to undefined function shop\str() | Файл: /home/lucky/dev/study/shop/vendor/shop/core/Router.php | Строка: 40 
--------------------
[2019-02-25 18:16:25] Текст ошибки: Call to undefined function shop\str() | Файл: /home/lucky/dev/study/shop/vendor/shop/core/Router.php | Строка: 40 
--------------------
[2019-02-25 18:16:25] Текст ошибки: Call to undefined function shop\str() | Файл: /home/lucky/dev/study/shop/vendor/shop/core/Router.php | Строка: 40 
--------------------
[2019-02-25 18:16:26] Текст ошибки: Call to undefined function shop\str() | Файл: /home/lucky/dev/study/shop/vendor/shop/core/Router.php | Строка: 40 
--------------------
[2019-02-25 18:16:26] Текст ошибки: Call to undefined function shop\str() | Файл: /home/lucky/dev/study/shop/vendor/shop/core/Router.php | Строка: 40 
--------------------
[2019-02-25 18:16:26] Текст ошибки: Call to undefined function shop\str() | Файл: /home/lucky/dev/study/shop/vendor/shop/core/Router.php | Строка: 40 
--------------------
[2019-02-25 18:50:54] Текст ошибки: Too few arguments to function shop\Router::matchRoute(), 0 passed in /home/lucky/dev/study/shop/public/index.php on line 13 and exactly 1 expected | Файл: /home/lucky/dev/study/shop/vendor/shop/core/Router.php | Строка: 38 
--------------------
[2019-02-25 18:50:54] Текст ошибки: Too few arguments to function shop\Router::matchRoute(), 0 passed in /home/lucky/dev/study/shop/public/index.php on line 13 and exactly 1 expected | Файл: /home/lucky/dev/study/shop/vendor/shop/core/Router.php | Строка: 38 
--------------------
[2019-02-25 18:51:12] Текст ошибки: Too few arguments to function shop\Router::matchRoute(), 0 passed in /home/lucky/dev/study/shop/public/index.php on line 13 and exactly 1 expected | Файл: /home/lucky/dev/study/shop/vendor/shop/core/Router.php | Строка: 38 
--------------------
[2019-02-25 18:51:12] Текст ошибки: Too few arguments to function shop\Router::matchRoute(), 0 passed in /home/lucky/dev/study/shop/public/index.php on line 13 and exactly 1 expected | Файл: /home/lucky/dev/study/shop/vendor/shop/core/Router.php | Строка: 38 
--------------------
[2019-02-25 18:51:13] Текст ошибки: Too few arguments to function shop\Router::matchRoute(), 0 passed in /home/lucky/dev/study/shop/public/index.php on line 13 and exactly 1 expected | Файл: /home/lucky/dev/study/shop/vendor/shop/core/Router.php | Строка: 38 
--------------------
[2019-02-25 18:51:13] Текст ошибки: Too few arguments to function shop\Router::matchRoute(), 0 passed in /home/lucky/dev/study/shop/public/index.php on line 13 and exactly 1 expected | Файл: /home/lucky/dev/study/shop/vendor/shop/core/Router.php | Строка: 38 
--------------------
[2019-02-25 18:56:22] Текст ошибки: Too few arguments to function shop\Router::matchRoute(), 0 passed in /home/lucky/dev/study/shop/public/index.php on line 13 and exactly 1 expected | Файл: /home/lucky/dev/study/shop/vendor/shop/core/Router.php | Строка: 38 
--------------------
[2019-02-25 18:56:22] Текст ошибки: Too few arguments to function shop\Router::matchRoute(), 0 passed in /home/lucky/dev/study/shop/public/index.php on line 13 and exactly 1 expected | Файл: /home/lucky/dev/study/shop/vendor/shop/core/Router.php | Строка: 38 
--------------------
[2019-02-25 18:56:22] Текст ошибки: Too few arguments to function shop\Router::matchRoute(), 0 passed in /home/lucky/dev/study/shop/public/index.php on line 13 and exactly 1 expected | Файл: /home/lucky/dev/study/shop/vendor/shop/core/Router.php | Строка: 38 
--------------------
[2019-02-25 18:56:23] Текст ошибки: Too few arguments to function shop\Router::matchRoute(), 0 passed in /home/lucky/dev/study/shop/public/index.php on line 13 and exactly 1 expected | Файл: /home/lucky/dev/study/shop/vendor/shop/core/Router.php | Строка: 38 
--------------------
[2019-02-25 18:56:23] Текст ошибки: Too few arguments to function shop\Router::matchRoute(), 0 passed in /home/lucky/dev/study/shop/public/index.php on line 13 and exactly 1 expected | Файл: /home/lucky/dev/study/shop/vendor/shop/core/Router.php | Строка: 38 
--------------------
[2019-02-25 18:56:23] Текст ошибки: Too few arguments to function shop\Router::matchRoute(), 0 passed in /home/lucky/dev/study/shop/public/index.php on line 13 and exactly 1 expected | Файл: /home/lucky/dev/study/shop/vendor/shop/core/Router.php | Строка: 38 
--------------------
[2019-02-25 18:59:49] Текст ошибки: Too few arguments to function shop\Router::matchRoute(), 0 passed in /home/lucky/dev/study/shop/public/index.php on line 13 and exactly 1 expected | Файл: /home/lucky/dev/study/shop/vendor/shop/core/Router.php | Строка: 38 
--------------------
[2019-02-25 18:59:49] Текст ошибки: Too few arguments to function shop\Router::matchRoute(), 0 passed in /home/lucky/dev/study/shop/public/index.php on line 13 and exactly 1 expected | Файл: /home/lucky/dev/study/shop/vendor/shop/core/Router.php | Строка: 38 
--------------------
[2019-02-25 18:59:50] Текст ошибки: Too few arguments to function shop\Router::matchRoute(), 0 passed in /home/lucky/dev/study/shop/public/index.php on line 13 and exactly 1 expected | Файл: /home/lucky/dev/study/shop/vendor/shop/core/Router.php | Строка: 38 
--------------------
[2019-02-25 18:59:50] Текст ошибки: Too few arguments to function shop\Router::matchRoute(), 0 passed in /home/lucky/dev/study/shop/public/index.php on line 13 and exactly 1 expected | Файл: /home/lucky/dev/study/shop/vendor/shop/core/Router.php | Строка: 38 
--------------------
[2019-02-25 18:59:50] Текст ошибки: Too few arguments to function shop\Router::matchRoute(), 0 passed in /home/lucky/dev/study/shop/public/index.php on line 13 and exactly 1 expected | Файл: /home/lucky/dev/study/shop/vendor/shop/core/Router.php | Строка: 38 
--------------------
[2019-02-25 18:59:51] Текст ошибки: Too few arguments to function shop\Router::matchRoute(), 0 passed in /home/lucky/dev/study/shop/public/index.php on line 13 and exactly 1 expected | Файл: /home/lucky/dev/study/shop/vendor/shop/core/Router.php | Строка: 38 
--------------------
[2019-02-25 19:00:08] Текст ошибки: Too few arguments to function shop\Router::matchRoute(), 0 passed in /home/lucky/dev/study/shop/public/index.php on line 13 and exactly 1 expected | Файл: /home/lucky/dev/study/shop/vendor/shop/core/Router.php | Строка: 38 
--------------------
[2019-02-25 19:00:09] Текст ошибки: Too few arguments to function shop\Router::matchRoute(), 0 passed in /home/lucky/dev/study/shop/public/index.php on line 13 and exactly 1 expected | Файл: /home/lucky/dev/study/shop/vendor/shop/core/Router.php | Строка: 38 
--------------------
[2019-02-25 19:00:09] Текст ошибки: Too few arguments to function shop\Router::matchRoute(), 0 passed in /home/lucky/dev/study/shop/public/index.php on line 13 and exactly 1 expected | Файл: /home/lucky/dev/study/shop/vendor/shop/core/Router.php | Строка: 38 
--------------------
[2019-02-25 19:00:09] Текст ошибки: Too few arguments to function shop\Router::matchRoute(), 0 passed in /home/lucky/dev/study/shop/public/index.php on line 13 and exactly 1 expected | Файл: /home/lucky/dev/study/shop/vendor/shop/core/Router.php | Строка: 38 
--------------------
[2019-02-25 19:00:12] Текст ошибки: Too few arguments to function shop\Router::matchRoute(), 0 passed in /home/lucky/dev/study/shop/public/index.php on line 13 and exactly 1 expected | Файл: /home/lucky/dev/study/shop/vendor/shop/core/Router.php | Строка: 38 
--------------------
[2019-02-25 19:00:13] Текст ошибки: Too few arguments to function shop\Router::matchRoute(), 0 passed in /home/lucky/dev/study/shop/public/index.php on line 13 and exactly 1 expected | Файл: /home/lucky/dev/study/shop/vendor/shop/core/Router.php | Строка: 38 
--------------------
[2019-02-25 19:00:13] Текст ошибки: Too few arguments to function shop\Router::matchRoute(), 0 passed in /home/lucky/dev/study/shop/public/index.php on line 13 and exactly 1 expected | Файл: /home/lucky/dev/study/shop/vendor/shop/core/Router.php | Строка: 38 
--------------------
[2019-02-25 19:00:42] Текст ошибки: Too few arguments to function shop\Router::matchRoute(), 0 passed in /home/lucky/dev/study/shop/public/index.php on line 13 and exactly 1 expected | Файл: /home/lucky/dev/study/shop/vendor/shop/core/Router.php | Строка: 38 
--------------------
[2019-02-25 19:00:42] Текст ошибки: Too few arguments to function shop\Router::matchRoute(), 0 passed in /home/lucky/dev/study/shop/public/index.php on line 13 and exactly 1 expected | Файл: /home/lucky/dev/study/shop/vendor/shop/core/Router.php | Строка: 38 
--------------------
[2019-02-25 19:00:43] Текст ошибки: Too few arguments to function shop\Router::matchRoute(), 0 passed in /home/lucky/dev/study/shop/public/index.php on line 13 and exactly 1 expected | Файл: /home/lucky/dev/study/shop/vendor/shop/core/Router.php | Строка: 38 
--------------------
[2019-02-25 19:00:43] Текст ошибки: Too few arguments to function shop\Router::matchRoute(), 0 passed in /home/lucky/dev/study/shop/public/index.php on line 13 and exactly 1 expected | Файл: /home/lucky/dev/study/shop/vendor/shop/core/Router.php | Строка: 38 
--------------------
[2019-02-25 19:00:43] Текст ошибки: Too few arguments to function shop\Router::matchRoute(), 0 passed in /home/lucky/dev/study/shop/public/index.php on line 13 and exactly 1 expected | Файл: /home/lucky/dev/study/shop/vendor/shop/core/Router.php | Строка: 38 
--------------------
[2019-02-25 19:00:43] Текст ошибки: Too few arguments to function shop\Router::matchRoute(), 0 passed in /home/lucky/dev/study/shop/public/index.php on line 13 and exactly 1 expected | Файл: /home/lucky/dev/study/shop/vendor/shop/core/Router.php | Строка: 38 
--------------------
[2019-02-26 11:33:19] Текст ошибки: Too few arguments to function shop\Router::getRoutes(), 0 passed in /home/lucky/dev/study/shop/public/index.php on line 9 and exactly 1 expected | Файл: /home/lucky/dev/study/shop/vendor/shop/core/Router.php | Строка: 21 
--------------------
[2019-02-26 11:33:19] Текст ошибки: Too few arguments to function shop\Router::getRoutes(), 0 passed in /home/lucky/dev/study/shop/public/index.php on line 9 and exactly 1 expected | Файл: /home/lucky/dev/study/shop/vendor/shop/core/Router.php | Строка: 21 
--------------------
[2019-02-26 11:33:20] Текст ошибки: Too few arguments to function shop\Router::getRoutes(), 0 passed in /home/lucky/dev/study/shop/public/index.php on line 9 and exactly 1 expected | Файл: /home/lucky/dev/study/shop/vendor/shop/core/Router.php | Строка: 21 
--------------------
[2019-02-26 11:33:20] Текст ошибки: Too few arguments to function shop\Router::getRoutes(), 0 passed in /home/lucky/dev/study/shop/public/index.php on line 9 and exactly 1 expected | Файл: /home/lucky/dev/study/shop/vendor/shop/core/Router.php | Строка: 21 
--------------------
[2019-02-26 11:33:20] Текст ошибки: Too few arguments to function shop\Router::getRoutes(), 0 passed in /home/lucky/dev/study/shop/public/index.php on line 9 and exactly 1 expected | Файл: /home/lucky/dev/study/shop/vendor/shop/core/Router.php | Строка: 21 
--------------------
[2019-02-26 11:33:20] Текст ошибки: Too few arguments to function shop\Router::getRoutes(), 0 passed in /home/lucky/dev/study/shop/public/index.php on line 9 and exactly 1 expected | Файл: /home/lucky/dev/study/shop/vendor/shop/core/Router.php | Строка: 21 
--------------------
[2019-02-26 11:33:21] Текст ошибки: Too few arguments to function shop\Router::getRoutes(), 0 passed in /home/lucky/dev/study/shop/public/index.php on line 9 and exactly 1 expected | Файл: /home/lucky/dev/study/shop/vendor/shop/core/Router.php | Строка: 21 
--------------------
[2019-02-26 11:33:21] Текст ошибки: Too few arguments to function shop\Router::getRoutes(), 0 passed in /home/lucky/dev/study/shop/public/index.php on line 9 and exactly 1 expected | Файл: /home/lucky/dev/study/shop/vendor/shop/core/Router.php | Строка: 21 
--------------------
